<?xml version="1.0" encoding="UTF-8"?>
<!-- Generated by org.testng.reporters.JUnitReportReporter -->
<testsuite hostname="Farzanas-MacBook-Air.local" failures="0" tests="1" name="laegeforeningen_flutter_automation_Pages_TestCases.Medlemskort_TestCase" time="162.829" errors="0" timestamp="7 Nov 2022 12:13:12 GMT">
  <testcase classname="laegeforeningen_flutter_automation_Pages_TestCases.Medlemskort_TestCase" name="uiElementVerification" time="162.829"/>
</testsuite> <!-- laegeforeningen_flutter_automation_Pages_TestCases.Medlemskort_TestCase -->
