<?xml version="1.0" encoding="UTF-8"?>
<!-- Generated by org.testng.reporters.JUnitReportReporter -->
<testsuite hostname="Farzanas-MacBook-Air.local" failures="0" tests="1" name="laegeforeningen_flutter_automation_Pages_TestCases.Radgivning_TestCase" time="10.304" errors="1" timestamp="7 Nov 2022 13:03:12 GMT">
  <testcase classname="laegeforeningen_flutter_automation_Pages_TestCases.Radgivning_TestCase" name="uiElementVerification" time="10.304">
    <error message="An unknown server-side error occurred while processing the command. Original error: io.appium.uiautomator2.common.exceptions.NoSuchDriverException: A session is either terminated or not started
Build info: version: &#039;3.141.59&#039;, revision: &#039;e82be7d358&#039;, time: &#039;2018-11-14T08:17:03&#039;
System info: host: &#039;Farzanas-MacBook-Air.local&#039;, ip: &#039;fe80:0:0:0:ce9:3ac:fef6:6ca7%en0&#039;, os.name: &#039;Mac OS X&#039;, os.arch: &#039;x86_64&#039;, os.version: &#039;12.4&#039;, java.version: &#039;17.0.2&#039;
Driver info: io.appium.java_client.android.AndroidDriver
Capabilities {app: /Users/farzanamim/eclipse-w..., appActivity: com.example.flutter_templat..., appPackage: dk.laegeforeningen.app.staging, automationName: uiautomator2, databaseEnabled: false, desired: {app: /Users/farzanamim/eclipse-w..., appActivity: com.example.flutter_templat..., appPackage: dk.laegeforeningen.app.staging, automationName: uiautomator2, deviceName: 170ada0e, newCommandTimeout: 60, platformName: android, platformVersion: 10, testName: Flutter Automation, udid: 170ada0e}, deviceApiLevel: 29, deviceManufacturer: Xiaomi, deviceModel: Redmi Note 8, deviceName: 170ada0e, deviceScreenDensity: 440, deviceScreenSize: 1080x2340, deviceUDID: 170ada0e, javascriptEnabled: true, locationContextEnabled: false, networkConnectionEnabled: true, newCommandTimeout: 60, pixelRatio: 2.75, platform: LINUX, platformName: Android, platformVersion: 10, statBarHeight: 80, takesScreenshot: true, testName: Flutter Automation, udid: 170ada0e, viewportRect: {height: 2050, left: 0, top: 80, width: 1080}, warnings: {}, webStorageEnabled: false}
Session ID: 552d88db-2b87-4390-b49e-e8922d024dde
*** Element info: {Using=xpath, value=//android.view.View[@content-desc=&quot;Hjem&quot;]}" type="org.openqa.selenium.WebDriverException">
      <![CDATA[org.openqa.selenium.WebDriverException: An unknown server-side error occurred while processing the command. Original error: io.appium.uiautomator2.common.exceptions.NoSuchDriverException: A session is either terminated or not started
Build info: version: '3.141.59', revision: 'e82be7d358', time: '2018-11-14T08:17:03'
System info: host: 'Farzanas-MacBook-Air.local', ip: 'fe80:0:0:0:ce9:3ac:fef6:6ca7%en0', os.name: 'Mac OS X', os.arch: 'x86_64', os.version: '12.4', java.version: '17.0.2'
Driver info: io.appium.java_client.android.AndroidDriver
Capabilities {app: /Users/farzanamim/eclipse-w..., appActivity: com.example.flutter_templat..., appPackage: dk.laegeforeningen.app.staging, automationName: uiautomator2, databaseEnabled: false, desired: {app: /Users/farzanamim/eclipse-w..., appActivity: com.example.flutter_templat..., appPackage: dk.laegeforeningen.app.staging, automationName: uiautomator2, deviceName: 170ada0e, newCommandTimeout: 60, platformName: android, platformVersion: 10, testName: Flutter Automation, udid: 170ada0e}, deviceApiLevel: 29, deviceManufacturer: Xiaomi, deviceModel: Redmi Note 8, deviceName: 170ada0e, deviceScreenDensity: 440, deviceScreenSize: 1080x2340, deviceUDID: 170ada0e, javascriptEnabled: true, locationContextEnabled: false, networkConnectionEnabled: true, newCommandTimeout: 60, pixelRatio: 2.75, platform: LINUX, platformName: Android, platformVersion: 10, statBarHeight: 80, takesScreenshot: true, testName: Flutter Automation, udid: 170ada0e, viewportRect: {height: 2050, left: 0, top: 80, width: 1080}, warnings: {}, webStorageEnabled: false}
Session ID: 552d88db-2b87-4390-b49e-e8922d024dde
*** Element info: {Using=xpath, value=//android.view.View[@content-desc="Hjem"]}
	at java.base/jdk.internal.reflect.NativeConstructorAccessorImpl.newInstance0(Native Method)
	at java.base/jdk.internal.reflect.NativeConstructorAccessorImpl.newInstance(NativeConstructorAccessorImpl.java:77)
	at java.base/jdk.internal.reflect.DelegatingConstructorAccessorImpl.newInstance(DelegatingConstructorAccessorImpl.java:45)
	at java.base/java.lang.reflect.Constructor.newInstanceWithCaller(Constructor.java:499)
	at java.base/java.lang.reflect.Constructor.newInstance(Constructor.java:480)
	at org.openqa.selenium.remote.http.W3CHttpResponseCodec.createException(W3CHttpResponseCodec.java:187)
	at org.openqa.selenium.remote.http.W3CHttpResponseCodec.decode(W3CHttpResponseCodec.java:122)
	at org.openqa.selenium.remote.http.W3CHttpResponseCodec.decode(W3CHttpResponseCodec.java:49)
	at org.openqa.selenium.remote.HttpCommandExecutor.execute(HttpCommandExecutor.java:158)
	at io.appium.java_client.remote.AppiumCommandExecutor.execute(AppiumCommandExecutor.java:239)
	at org.openqa.selenium.remote.RemoteWebDriver.execute(RemoteWebDriver.java:552)
	at io.appium.java_client.DefaultGenericMobileDriver.execute(DefaultGenericMobileDriver.java:42)
	at io.appium.java_client.AppiumDriver.execute(AppiumDriver.java:1)
	at io.appium.java_client.android.AndroidDriver.execute(AndroidDriver.java:1)
	at org.openqa.selenium.remote.RemoteWebDriver.findElement(RemoteWebDriver.java:323)
	at io.appium.java_client.DefaultGenericMobileDriver.findElement(DefaultGenericMobileDriver.java:62)
	at io.appium.java_client.AppiumDriver.findElement(AppiumDriver.java:1)
	at io.appium.java_client.android.AndroidDriver.findElement(AndroidDriver.java:1)
	at org.openqa.selenium.remote.RemoteWebDriver.findElementByXPath(RemoteWebDriver.java:428)
	at io.appium.java_client.DefaultGenericMobileDriver.findElementByXPath(DefaultGenericMobileDriver.java:152)
	at io.appium.java_client.AppiumDriver.findElementByXPath(AppiumDriver.java:1)
	at io.appium.java_client.android.AndroidDriver.findElementByXPath(AndroidDriver.java:1)
	at org.openqa.selenium.By$ByXPath.findElement(By.java:353)
	at org.openqa.selenium.remote.RemoteWebDriver.findElement(RemoteWebDriver.java:315)
	at io.appium.java_client.DefaultGenericMobileDriver.findElement(DefaultGenericMobileDriver.java:58)
	at io.appium.java_client.AppiumDriver.findElement(AppiumDriver.java:1)
	at io.appium.java_client.android.AndroidDriver.findElement(AndroidDriver.java:1)
	at laegeforeningen_flutter_automation_Pages_Implementation.Radgivning_Implementation.guiVerification(Radgivning_Implementation.java:23)
	at laegeforeningen_flutter_automation_Pages_TestCases.Radgivning_TestCase.uiElementVerification(Radgivning_TestCase.java:25)
	at java.base/jdk.internal.reflect.NativeMethodAccessorImpl.invoke0(Native Method)
	at java.base/jdk.internal.reflect.NativeMethodAccessorImpl.invoke(NativeMethodAccessorImpl.java:77)
	at java.base/jdk.internal.reflect.DelegatingMethodAccessorImpl.invoke(DelegatingMethodAccessorImpl.java:43)
	at java.base/java.lang.reflect.Method.invoke(Method.java:568)
	at org.testng.internal.MethodInvocationHelper.invokeMethod(MethodInvocationHelper.java:86)
	at org.testng.internal.Invoker.invokeMethod(Invoker.java:643)
	at org.testng.internal.Invoker.invokeTestMethod(Invoker.java:820)
	at org.testng.internal.Invoker.invokeTestMethods(Invoker.java:1128)
	at org.testng.internal.TestMethodWorker.invokeTestMethods(TestMethodWorker.java:129)
	at org.testng.internal.TestMethodWorker.run(TestMethodWorker.java:112)
	at org.testng.TestRunner.privateRun(TestRunner.java:782)
	at org.testng.TestRunner.run(TestRunner.java:632)
	at org.testng.SuiteRunner.runTest(SuiteRunner.java:366)
	at org.testng.SuiteRunner.runSequentially(SuiteRunner.java:361)
	at org.testng.SuiteRunner.privateRun(SuiteRunner.java:319)
	at org.testng.SuiteRunner.run(SuiteRunner.java:268)
	at org.testng.SuiteRunnerWorker.runSuite(SuiteRunnerWorker.java:52)
	at org.testng.SuiteRunnerWorker.run(SuiteRunnerWorker.java:86)
	at org.testng.TestNG.runSuitesSequentially(TestNG.java:1244)
	at org.testng.TestNG.runSuitesLocally(TestNG.java:1169)
	at org.testng.TestNG.run(TestNG.java:1064)
	at org.testng.remote.AbstractRemoteTestNG.run(AbstractRemoteTestNG.java:115)
	at org.testng.remote.RemoteTestNG.initAndRun(RemoteTestNG.java:251)
	at org.testng.remote.RemoteTestNG.main(RemoteTestNG.java:77)
]]>
    </error>
  </testcase> <!-- uiElementVerification -->
</testsuite> <!-- laegeforeningen_flutter_automation_Pages_TestCases.Radgivning_TestCase -->
