<?xml version="1.0" encoding="UTF-8"?>
<!-- Generated by org.testng.reporters.JUnitReportReporter -->
<testsuite hostname="Farzanas-MacBook-Air.local" failures="0" tests="1" name="laegeforeningen_flutter_automation_Pages_TestCases.HomePage_TestCase" time="43.911" errors="0" timestamp="8 Nov 2022 10:18:50 GMT">
  <testcase classname="laegeforeningen_flutter_automation_Pages_TestCases.HomePage_TestCase" name="uiElementVerification" time="43.911"/>
</testsuite> <!-- laegeforeningen_flutter_automation_Pages_TestCases.HomePage_TestCase -->
